Using pre-set license
Built from '2020.2/release' branch; Version is '2020.2.4f1 (becced5a802b) revision 12504301'; Using compiler version '192528614'; Build Type 'Release'
OS: 'Windows 10 Home; OS build 19042.867; Version 2009; 64bit' Language: 'en' Physical Memory: 16150 MB
BatchMode: 1, IsHumanControllingUs: 0, StartBugReporterOnCrash: 0, Is64bit: 1, IsPro: 0

 COMMAND LINE ARGUMENTS:
C:\Program Files\Unity\Hub\Editor\2020.2.4f1\Editor\Unity.exe
-adb2
-batchMode
-noUpm
-name
AssetImportWorker0
-projectPath
C:/Users/Javed/Projects/flockingAI_Javed
-logFile
Logs/AssetImportWorker0.log
-srvPort
49995
Successfully changed project path to: C:/Users/Javed/Projects/flockingAI_Javed
C:/Users/Javed/Projects/flockingAI_Javed
Using Asset Import Pipeline V2.
Refreshing native plugins compatible for Editor in 31.11 ms, found 0 plugins.
Preloading 0 native plugins for Editor in 0.00 ms.
Initialize engine version: 2020.2.4f1 (becced5a802b)
[Subsystems] Discovering subsystems at path C:/Program Files/Unity/Hub/Editor/2020.2.4f1/Editor/Data/Resources/UnitySubsystems
[Subsystems] Discovering subsystems at path C:/Users/Javed/Projects/flockingAI_Javed/Assets
GfxDevice: creating device client; threaded=0
Direct3D:
    Version:  Direct3D 11.0 [level 11.1]
    Renderer: NVIDIA GeForce RTX 2070 Super with Max-Q Design (ID=0x1ed1)
    Vendor:   
    VRAM:     8011 MB
    Driver:   27.21.14.5763
Initialize mono
Mono path[0] = 'C:/Program Files/Unity/Hub/Editor/2020.2.4f1/Editor/Data/Managed'
Mono path[1] = 'C:/Program Files/Unity/Hub/Editor/2020.2.4f1/Editor/Data/MonoBleedingEdge/lib/mono/unityjit'
Mono config path = 'C:/Program Files/Unity/Hub/Editor/2020.2.4f1/Editor/Data/MonoBleedingEdge/etc'
Using monoOptions --debugger-agent=transport=dt_socket,embedding=1,server=y,suspend=n,address=127.0.0.1:56444
Begin MonoManager ReloadAssembly
Registering precompiled unity dll's ...
Register platform support module: C:/Program Files/Unity/Hub/Editor/2020.2.4f1/Editor/Data/PlaybackEngines/WindowsStandaloneSupport/UnityEditor.WindowsStandalone.Extensions.dll
Registered in 0.001383 seconds.
Native extension for WindowsStandalone target not found
Refreshing native plugins compatible for Editor in 29.95 ms, found 0 plugins.
Preloading 0 native plugins for Editor in 0.00 ms.
Invoked RoslynAnalysisRunner static constructor.
RoslynAnalysisRunner will not be running.
RoslynAnalysisRunner has terminated.
Mono: successfully reloaded assembly
- Completed reload, in  1.743 seconds
Platform modules already initialized, skipping
Registering precompiled user dll's ...
Registered in 0.001509 seconds.
Begin MonoManager ReloadAssembly
Native extension for WindowsStandalone target not found
Refreshing native plugins compatible for Editor in 0.32 ms, found 0 plugins.
Preloading 0 native plugins for Editor in 0.00 ms.
Invoked RoslynAnalysisRunner static constructor.
RoslynAnalysisRunner will not be running.
RoslynAnalysisRunner has terminated.
Mono: successfully reloaded assembly
- Completed reload, in  0.732 seconds
Platform modules already initialized, skipping
========================================================================
Worker process is ready to serve import requests
Launched and connected shader compiler UnityShaderCompiler.exe after 0.02 seconds
Refreshing native plugins compatible for Editor in 0.33 ms, found 0 plugins.
Preloading 0 native plugins for Editor in 0.00 ms.
Unloading 1362 Unused Serialized files (Serialized files now loaded: 0)
System memory in use before: 63.4 MB.
System memory in use after: 63.5 MB.

Unloading 33 unused Assets to reduce memory usage. Loaded Objects now: 1791.
Total: 1.429200 ms (FindLiveObjects: 0.146900 ms CreateObjectMapping: 0.050500 ms MarkObjects: 1.178400 ms  DeleteObjects: 0.052500 ms)

========================================================================
Received Import Request.
  path: Assets/Resources/OVRPlatformToolSettings.asset
  artifactKey: Guid(21adfa826e7b0f7419cece12040df96a) Importer(815301076,1909f56bfc062723c751e8b465ee728b)
Start importing Assets/Resources/OVRPlatformToolSettings.asset using Guid(21adfa826e7b0f7419cece12040df96a) Importer(815301076,1909f56bfc062723c751e8b465ee728b)  -> (artifact id: '4cd024f511e4fc041a4886cb318086e9') in 0.014628 seconds
  Import took 0.016865 seconds .

========================================================================
Received Import Request.
  Time since last request: 0.000159 seconds.
  path: Assets/Resources/ONSPSettings.asset
  artifactKey: Guid(224b29103f6ec3743a3d2fe7696d2838) Importer(815301076,1909f56bfc062723c751e8b465ee728b)
Start importing Assets/Resources/ONSPSettings.asset using Guid(224b29103f6ec3743a3d2fe7696d2838) Importer(815301076,1909f56bfc062723c751e8b465ee728b)  -> (artifact id: 'b25e59ba5ca93cbc299df49c99e698b5') in 0.005366 seconds
  Import took 0.007071 seconds .

========================================================================
Received Import Request.
  Time since last request: 0.000165 seconds.
  path: Assets/Resources/Scenes/SampleScene.unity
  artifactKey: Guid(99c9720ab356a0642a771bea13969a05) Importer(815301076,1909f56bfc062723c751e8b465ee728b)
Start importing Assets/Resources/Scenes/SampleScene.unity using Guid(99c9720ab356a0642a771bea13969a05) Importer(815301076,1909f56bfc062723c751e8b465ee728b)  -> (artifact id: '1ca1b9abb8aaf0df3290a92741edbd71') in 0.011096 seconds
  Import took 0.012817 seconds .

========================================================================
Received Import Request.
  Time since last request: 0.000176 seconds.
  path: Assets/Resources/Scenes
  artifactKey: Guid(4f704ae4b4f98ae41a0bce26658850c1) Importer(815301076,1909f56bfc062723c751e8b465ee728b)
Start importing Assets/Resources/Scenes using Guid(4f704ae4b4f98ae41a0bce26658850c1) Importer(815301076,1909f56bfc062723c751e8b465ee728b)  -> (artifact id: '28715d634c0ce5b0e7318f050c55e3ef') in 0.005413 seconds
  Import took 0.007073 seconds .

========================================================================
Received Import Request.
  Time since last request: 0.157518 seconds.
  path: Assets/Resources/Scenes/SampleScene.unity
  artifactKey: Guid(99c9720ab356a0642a771bea13969a05) Importer(815301076,1909f56bfc062723c751e8b465ee728b)
Start importing Assets/Resources/Scenes/SampleScene.unity using Guid(99c9720ab356a0642a771bea13969a05) Importer(815301076,1909f56bfc062723c751e8b465ee728b)  -> (artifact id: '1ca1b9abb8aaf0df3290a92741edbd71') in 0.001888 seconds
  Import took 0.004099 seconds .

========================================================================
Received Import Request.
  Time since last request: 148.185439 seconds.
  path: Assets/Resources/Scripts/Misc
  artifactKey: Guid(e2273a42723a9d94481b50dc99c78fc4) Importer(815301076,1909f56bfc062723c751e8b465ee728b)
Start importing Assets/Resources/Scripts/Misc using Guid(e2273a42723a9d94481b50dc99c78fc4) Importer(815301076,1909f56bfc062723c751e8b465ee728b)  -> (artifact id: '4270a0db4d5fa8d51d651eac867da7d4') in 0.005622 seconds
  Import took 0.007952 seconds .

========================================================================
Received Import Request.
  Time since last request: 0.000333 seconds.
  path: Assets/Resources/Scripts/Misc
  artifactKey: Guid(e2273a42723a9d94481b50dc99c78fc4) Importer(815301076,1909f56bfc062723c751e8b465ee728b)
Start importing Assets/Resources/Scripts/Misc using Guid(e2273a42723a9d94481b50dc99c78fc4) Importer(815301076,1909f56bfc062723c751e8b465ee728b)  -> (artifact id: '4270a0db4d5fa8d51d651eac867da7d4') in 0.001970 seconds
  Import took 0.003736 seconds .

========================================================================
Received Import Request.
  Time since last request: 0.691637 seconds.
  path: Assets/Resources/Scripts/Misc/CameraMovement.cs
  artifactKey: Guid(a5904e8f5fb90c44b85ea961ebb3be4e) Importer(815301076,1909f56bfc062723c751e8b465ee728b)
Start importing Assets/Resources/Scripts/Misc/CameraMovement.cs using Guid(a5904e8f5fb90c44b85ea961ebb3be4e) Importer(815301076,1909f56bfc062723c751e8b465ee728b)  -> (artifact id: '9f9d768d12af9793ee44c5b16ad2d75b') in 0.009012 seconds
  Import took 0.010761 seconds .

========================================================================
Received Import Request.
  Time since last request: 0.022094 seconds.
  path: Assets/Resources/Scripts/Misc/CameraMovement.cs
  artifactKey: Guid(a5904e8f5fb90c44b85ea961ebb3be4e) Importer(815301076,1909f56bfc062723c751e8b465ee728b)
Start importing Assets/Resources/Scripts/Misc/CameraMovement.cs using Guid(a5904e8f5fb90c44b85ea961ebb3be4e) Importer(815301076,1909f56bfc062723c751e8b465ee728b)  -> (artifact id: '9f9d768d12af9793ee44c5b16ad2d75b') in 0.002475 seconds
  Import took 0.004523 seconds .

========================================================================
Received Prepare
Registering precompiled user dll's ...
Registered in 0.170900 seconds.
Begin MonoManager ReloadAssembly
Native extension for WindowsStandalone target not found
Refreshing native plugins compatible for Editor in 0.32 ms, found 0 plugins.
Preloading 0 native plugins for Editor in 0.00 ms.
Invoked RoslynAnalysisRunner static constructor.
RoslynAnalysisRunner will not be running.
RoslynAnalysisRunner has terminated.
Mono: successfully reloaded assembly
- Completed reload, in  3.059 seconds
Platform modules already initialized, skipping
Refreshing native plugins compatible for Editor in 0.33 ms, found 0 plugins.
Preloading 0 native plugins for Editor in 0.00 ms.
Unloading 1356 Unused Serialized files (Serialized files now loaded: 0)
System memory in use before: 63.3 MB.
System memory in use after: 63.4 MB.

Unloading 24 unused Assets to reduce memory usage. Loaded Objects now: 1793.
Total: 2.028300 ms (FindLiveObjects: 0.260500 ms CreateObjectMapping: 0.077500 ms MarkObjects: 1.644600 ms  DeleteObjects: 0.044700 ms)

AssetImportWorkerClient::OnTransportError - code=2 error=End of file
